<?xml version="1.0" encoding="UTF-8"?>
<!-- Generated by org.testng.reporters.JUnitReportReporter -->
<testsuite hostname="NODE772" name="runner.RunCuke" tests="1" failures="0" timestamp="31 Jul 2019 05:47:09 GMT" time="129.266" errors="0">
  <testcase name="feature" time="129.266" classname="runner.RunCuke"/>
</testsuite> <!-- runner.RunCuke -->
